<?xml version="1.0" encoding="UTF-8"?>
<!-- Generated by org.testng.reporters.JUnitXMLReporter -->
<testsuite ignored="0" hostname="nazibahs-air.lan" failures="1" tests="29" name="Gmail Home" time="12.444" errors="0" timestamp="2019-01-16T23:38:54 EST">
  <testcase classname="base.CommonApi" name="@AfterMethod cleanUp" time="0.006">
    <failure type="org.openqa.selenium.NoSuchWindowException" message="no such window: target window already closed
from unknown error: web view not found
  (Session info: chrome=71.0.3578.98)
  (Driver info: chromedriver=2.45.615355 (d5698f682d8b2742017df6c81e0bd8e6a3063189),platform=Mac OS X 10.14.2 x86_64) (WARNING: The server did not provide any stacktrace information)
Command duration or timeout: 0 milliseconds
Build info: version: &amp;apos;3.141.59&amp;apos;, revision: &amp;apos;e82be7d358&amp;apos;, time: &amp;apos;2018-11-14T08:17:03&amp;apos;
System info: host: &amp;apos;nazibahs-air.lan&amp;apos;, ip: &amp;apos;fe80:0:0:0:4a4:f8b5:37bd:789%en0&amp;apos;, os.name: &amp;apos;Mac OS X&amp;apos;, os.arch: &amp;apos;x86_64&amp;apos;, os.version: &amp;apos;10.14.2&amp;apos;, java.version: &amp;apos;11.0.1&amp;apos;
Driver info: org.openqa.selenium.chrome.ChromeDriver
Capabilities {acceptInsecureCerts: false, acceptSslCerts: false, applicationCacheEnabled: false, browserConnectionEnabled: false, browserName: chrome, chrome: {chromedriverVersion: 2.45.615355 (d5698f682d8b27..., userDataDir: /var/folders/bx/ylfr9_p57rv...}, cssSelectorsEnabled: true, databaseEnabled: false, goog:chromeOptions: {debuggerAddress: localhost:49763}, handlesAlerts: true, hasTouchScreen: false, javascriptEnabled: true, locationContextEnabled: true, mobileEmulationEnabled: false, nativeEvents: true, networkConnectionEnabled: false, pageLoadStrategy: normal, platform: MAC, platformName: MAC, proxy: Proxy(), rotatable: false, setWindowRect: true, strictFileInteractability: false, takesHeapSnapshot: true, takesScreenshot: true, timeouts: {implicit: 0, pageLoad: 300000, script: 30000}, unexpectedAlertBehaviour: ignore, unhandledPromptBehavior: ignore, version: 71.0.3578.98, webStorageEnabled: true}
Session ID: e62a9cd923ecf8485032a6babd1421e8">
      <![CDATA[org.openqa.selenium.NoSuchWindowException: no such window: target window already closed
from unknown error: web view not found
  (Session info: chrome=71.0.3578.98)
  (Driver info: chromedriver=2.45.615355 (d5698f682d8b2742017df6c81e0bd8e6a3063189),platform=Mac OS X 10.14.2 x86_64) (WARNING: The server did not provide any stacktrace information)
Command duration or timeout: 0 milliseconds
Build info: version: '3.141.59', revision: 'e82be7d358', time: '2018-11-14T08:17:03'
System info: host: 'nazibahs-air.lan', ip: 'fe80:0:0:0:4a4:f8b5:37bd:789%en0', os.name: 'Mac OS X', os.arch: 'x86_64', os.version: '10.14.2', java.version: '11.0.1'
Driver info: org.openqa.selenium.chrome.ChromeDriver
Capabilities {acceptInsecureCerts: false, acceptSslCerts: false, applicationCacheEnabled: false, browserConnectionEnabled: false, browserName: chrome, chrome: {chromedriverVersion: 2.45.615355 (d5698f682d8b27..., userDataDir: /var/folders/bx/ylfr9_p57rv...}, cssSelectorsEnabled: true, databaseEnabled: false, goog:chromeOptions: {debuggerAddress: localhost:49763}, handlesAlerts: true, hasTouchScreen: false, javascriptEnabled: true, locationContextEnabled: true, mobileEmulationEnabled: false, nativeEvents: true, networkConnectionEnabled: false, pageLoadStrategy: normal, platform: MAC, platformName: MAC, proxy: Proxy(), rotatable: false, setWindowRect: true, strictFileInteractability: false, takesHeapSnapshot: true, takesScreenshot: true, timeouts: {implicit: 0, pageLoad: 300000, script: 30000}, unexpectedAlertBehaviour: ignore, unhandledPromptBehavior: ignore, version: 71.0.3578.98, webStorageEnabled: true}
Session ID: e62a9cd923ecf8485032a6babd1421e8
at org.openqa.selenium.remote.ErrorHandler.createThrowable(ErrorHandler.java:214)
at org.openqa.selenium.remote.ErrorHandler.throwIfResponseFailed(ErrorHandler.java:166)
at org.openqa.selenium.remote.http.JsonHttpResponseCodec.reconstructValue(JsonHttpResponseCodec.java:40)
at org.openqa.selenium.remote.http.AbstractHttpResponseCodec.decode(AbstractHttpResponseCodec.java:80)
at org.openqa.selenium.remote.http.AbstractHttpResponseCodec.decode(AbstractHttpResponseCodec.java:44)
at org.openqa.selenium.remote.HttpCommandExecutor.execute(HttpCommandExecutor.java:158)
at org.openqa.selenium.remote.service.DriverCommandExecutor.execute(DriverCommandExecutor.java:83)
at org.openqa.selenium.remote.RemoteWebDriver.execute(RemoteWebDriver.java:552)
at org.openqa.selenium.remote.RemoteWebDriver.execute(RemoteWebDriver.java:609)
at org.openqa.selenium.remote.RemoteWebDriver.close(RemoteWebDriver.java:442)
at base.CommonApi.cleanUp(CommonApi.java:68)
... Removed 35 stack frames]]>
    </failure>
  </testcase> <!-- @AfterMethod cleanUp -->
  <testcase classname="base.CommonApi" name="@BeforeMethod setUp" time="-1.547699934237E9">
    <skipped/>
  </testcase> <!-- @BeforeMethod setUp -->
  <testcase classname="base.CommonApi" name="@BeforeMethod startExtent" time="-1.547699934238E9">
    <skipped/>
  </testcase> <!-- @BeforeMethod startExtent -->
  <testcase classname="TestPages.TestHomePage" name="@BeforeMethod initializeElement" time="-1.547699934239E9">
    <skipped/>
  </testcase> <!-- @BeforeMethod initializeElement -->
  <testcase classname="base.CommonApi" name="@AfterMethod cleanUp" time="-1.547699934241E9">
    <skipped/>
  </testcase> <!-- @AfterMethod cleanUp -->
  <testcase classname="base.CommonApi" name="@BeforeMethod setUp" time="-1.547699934242E9">
    <skipped/>
  </testcase> <!-- @BeforeMethod setUp -->
  <testcase classname="base.CommonApi" name="@BeforeMethod startExtent" time="-1.547699934242E9">
    <skipped/>
  </testcase> <!-- @BeforeMethod startExtent -->
  <testcase classname="TestPages.TestHomePage" name="@BeforeMethod initializeElement" time="-1.547699934242E9">
    <skipped/>
  </testcase> <!-- @BeforeMethod initializeElement -->
  <testcase classname="base.CommonApi" name="@AfterMethod cleanUp" time="-1.547699934243E9">
    <skipped/>
  </testcase> <!-- @AfterMethod cleanUp -->
  <testcase classname="base.CommonApi" name="@BeforeMethod setUp" time="-1.547699934244E9">
    <skipped/>
  </testcase> <!-- @BeforeMethod setUp -->
  <testcase classname="base.CommonApi" name="@BeforeMethod startExtent" time="-1.547699934244E9">
    <skipped/>
  </testcase> <!-- @BeforeMethod startExtent -->
  <testcase classname="TestPages.TestHomePage" name="@BeforeMethod initializeElement" time="-1.547699934245E9">
    <skipped/>
  </testcase> <!-- @BeforeMethod initializeElement -->
  <testcase classname="base.CommonApi" name="@AfterMethod cleanUp" time="-1.547699934246E9">
    <skipped/>
  </testcase> <!-- @AfterMethod cleanUp -->
  <testcase classname="base.CommonApi" name="@BeforeMethod setUp" time="-1.547699934247E9">
    <skipped/>
  </testcase> <!-- @BeforeMethod setUp -->
  <testcase classname="base.CommonApi" name="@BeforeMethod startExtent" time="-1.547699934247E9">
    <skipped/>
  </testcase> <!-- @BeforeMethod startExtent -->
  <testcase classname="TestPages.TestHomePage" name="@BeforeMethod initializeElement" time="-1.547699934247E9">
    <skipped/>
  </testcase> <!-- @BeforeMethod initializeElement -->
  <testcase classname="base.CommonApi" name="@AfterMethod cleanUp" time="-1.547699934248E9">
    <skipped/>
  </testcase> <!-- @AfterMethod cleanUp -->
  <testcase classname="base.CommonApi" name="@BeforeMethod setUp" time="-1.547699934249E9">
    <skipped/>
  </testcase> <!-- @BeforeMethod setUp -->
  <testcase classname="base.CommonApi" name="@BeforeMethod startExtent" time="-1.547699934249E9">
    <skipped/>
  </testcase> <!-- @BeforeMethod startExtent -->
  <testcase classname="TestPages.TestHomePage" name="@BeforeMethod initializeElement" time="-1.547699934249E9">
    <skipped/>
  </testcase> <!-- @BeforeMethod initializeElement -->
  <testcase classname="base.CommonApi" name="@AfterMethod cleanUp" time="-1.54769993425E9">
    <skipped/>
  </testcase> <!-- @AfterMethod cleanUp -->
  <testcase classname="base.CommonApi" name="@BeforeMethod setUp" time="-1.547699934251E9">
    <skipped/>
  </testcase> <!-- @BeforeMethod setUp -->
  <testcase classname="base.CommonApi" name="@BeforeMethod startExtent" time="-1.547699934251E9">
    <skipped/>
  </testcase> <!-- @BeforeMethod startExtent -->
  <testcase classname="TestPages.TestHomePage" name="@BeforeMethod initializeElement" time="-1.547699934251E9">
    <skipped/>
  </testcase> <!-- @BeforeMethod initializeElement -->
  <testcase classname="base.CommonApi" name="@AfterMethod cleanUp" time="-1.547699934252E9">
    <skipped/>
  </testcase> <!-- @AfterMethod cleanUp -->
  <testcase classname="base.CommonApi" name="@BeforeMethod setUp" time="-1.547699934253E9">
    <skipped/>
  </testcase> <!-- @BeforeMethod setUp -->
  <testcase classname="base.CommonApi" name="@BeforeMethod startExtent" time="-1.547699934254E9">
    <skipped/>
  </testcase> <!-- @BeforeMethod startExtent -->
  <testcase classname="TestPages.TestHomePage" name="@BeforeMethod initializeElement" time="-1.547699934254E9">
    <skipped/>
  </testcase> <!-- @BeforeMethod initializeElement -->
  <testcase classname="base.CommonApi" name="@AfterMethod cleanUp" time="-1.547699934255E9">
    <skipped/>
  </testcase> <!-- @AfterMethod cleanUp -->
  <testcase classname="base.CommonApi" name="@BeforeMethod setUp" time="-1.547699934256E9">
    <skipped/>
  </testcase> <!-- @BeforeMethod setUp -->
  <testcase classname="base.CommonApi" name="@BeforeMethod startExtent" time="-1.547699934256E9">
    <skipped/>
  </testcase> <!-- @BeforeMethod startExtent -->
  <testcase classname="TestPages.TestHomePage" name="@BeforeMethod initializeElement" time="-1.547699934256E9">
    <skipped/>
  </testcase> <!-- @BeforeMethod initializeElement -->
  <testcase classname="base.CommonApi" name="@AfterMethod cleanUp" time="-1.547699934257E9">
    <skipped/>
  </testcase> <!-- @AfterMethod cleanUp -->
  <testcase classname="base.CommonApi" name="@BeforeMethod setUp" time="-1.547699934258E9">
    <skipped/>
  </testcase> <!-- @BeforeMethod setUp -->
  <testcase classname="base.CommonApi" name="@BeforeMethod startExtent" time="-1.547699934258E9">
    <skipped/>
  </testcase> <!-- @BeforeMethod startExtent -->
  <testcase classname="TestPages.TestHomePage" name="@BeforeMethod initializeElement" time="-1.547699934258E9">
    <skipped/>
  </testcase> <!-- @BeforeMethod initializeElement -->
  <testcase classname="base.CommonApi" name="@AfterMethod cleanUp" time="-1.547699934259E9">
    <skipped/>
  </testcase> <!-- @AfterMethod cleanUp -->
  <testcase classname="base.CommonApi" name="@BeforeMethod setUp" time="-1.54769993426E9">
    <skipped/>
  </testcase> <!-- @BeforeMethod setUp -->
  <testcase classname="base.CommonApi" name="@BeforeMethod startExtent" time="-1.54769993426E9">
    <skipped/>
  </testcase> <!-- @BeforeMethod startExtent -->
  <testcase classname="TestPages.TestHomePage" name="@BeforeMethod initializeElement" time="-1.54769993426E9">
    <skipped/>
  </testcase> <!-- @BeforeMethod initializeElement -->
  <testcase classname="base.CommonApi" name="@AfterMethod cleanUp" time="-1.547699934261E9">
    <skipped/>
  </testcase> <!-- @AfterMethod cleanUp -->
  <testcase classname="base.CommonApi" name="@BeforeMethod setUp" time="-1.547699934262E9">
    <skipped/>
  </testcase> <!-- @BeforeMethod setUp -->
  <testcase classname="base.CommonApi" name="@BeforeMethod startExtent" time="-1.547699934262E9">
    <skipped/>
  </testcase> <!-- @BeforeMethod startExtent -->
  <testcase classname="TestPages.TestHomePage" name="@BeforeMethod initializeElement" time="-1.547699934262E9">
    <skipped/>
  </testcase> <!-- @BeforeMethod initializeElement -->
  <testcase classname="base.CommonApi" name="@AfterMethod cleanUp" time="-1.547699934263E9">
    <skipped/>
  </testcase> <!-- @AfterMethod cleanUp -->
  <testcase classname="base.CommonApi" name="@BeforeMethod setUp" time="-1.547699934264E9">
    <skipped/>
  </testcase> <!-- @BeforeMethod setUp -->
  <testcase classname="base.CommonApi" name="@BeforeMethod startExtent" time="-1.547699934265E9">
    <skipped/>
  </testcase> <!-- @BeforeMethod startExtent -->
  <testcase classname="TestPages.TestHomePage" name="@BeforeMethod initializeElement" time="-1.547699934265E9">
    <skipped/>
  </testcase> <!-- @BeforeMethod initializeElement -->
  <testcase classname="base.CommonApi" name="@AfterMethod cleanUp" time="-1.547699934266E9">
    <skipped/>
  </testcase> <!-- @AfterMethod cleanUp -->
  <testcase classname="base.CommonApi" name="@BeforeMethod setUp" time="-1.547699934266E9">
    <skipped/>
  </testcase> <!-- @BeforeMethod setUp -->
  <testcase classname="base.CommonApi" name="@BeforeMethod startExtent" time="-1.547699934267E9">
    <skipped/>
  </testcase> <!-- @BeforeMethod startExtent -->
  <testcase classname="TestPages.TestHomePage" name="@BeforeMethod initializeElement" time="-1.547699934267E9">
    <skipped/>
  </testcase> <!-- @BeforeMethod initializeElement -->
  <testcase classname="base.CommonApi" name="@AfterMethod cleanUp" time="-1.547699934268E9">
    <skipped/>
  </testcase> <!-- @AfterMethod cleanUp -->
  <testcase classname="base.CommonApi" name="@BeforeMethod setUp" time="-1.547699934269E9">
    <skipped/>
  </testcase> <!-- @BeforeMethod setUp -->
  <testcase classname="base.CommonApi" name="@BeforeMethod startExtent" time="-1.547699934269E9">
    <skipped/>
  </testcase> <!-- @BeforeMethod startExtent -->
  <testcase classname="TestPages.TestHomePage" name="@BeforeMethod initializeElement" time="-1.54769993427E9">
    <skipped/>
  </testcase> <!-- @BeforeMethod initializeElement -->
  <testcase classname="base.CommonApi" name="@AfterMethod cleanUp" time="-1.547699934271E9">
    <skipped/>
  </testcase> <!-- @AfterMethod cleanUp -->
  <testcase classname="base.CommonApi" name="@BeforeMethod setUp" time="-1.547699934271E9">
    <skipped/>
  </testcase> <!-- @BeforeMethod setUp -->
  <testcase classname="base.CommonApi" name="@BeforeMethod startExtent" time="-1.547699934272E9">
    <skipped/>
  </testcase> <!-- @BeforeMethod startExtent -->
  <testcase classname="TestPages.TestHomePage" name="@BeforeMethod initializeElement" time="-1.547699934272E9">
    <skipped/>
  </testcase> <!-- @BeforeMethod initializeElement -->
  <testcase classname="base.CommonApi" name="@AfterMethod cleanUp" time="-1.547699934272E9">
    <skipped/>
  </testcase> <!-- @AfterMethod cleanUp -->
  <testcase classname="base.CommonApi" name="@BeforeMethod setUp" time="-1.547699934274E9">
    <skipped/>
  </testcase> <!-- @BeforeMethod setUp -->
  <testcase classname="base.CommonApi" name="@BeforeMethod startExtent" time="-1.547699934275E9">
    <skipped/>
  </testcase> <!-- @BeforeMethod startExtent -->
  <testcase classname="TestPages.TestHomePage" name="@BeforeMethod initializeElement" time="-1.547699934275E9">
    <skipped/>
  </testcase> <!-- @BeforeMethod initializeElement -->
  <testcase classname="base.CommonApi" name="@AfterMethod cleanUp" time="-1.547699934277E9">
    <skipped/>
  </testcase> <!-- @AfterMethod cleanUp -->
  <testcase classname="base.CommonApi" name="@BeforeMethod setUp" time="-1.547699934278E9">
    <skipped/>
  </testcase> <!-- @BeforeMethod setUp -->
  <testcase classname="base.CommonApi" name="@BeforeMethod startExtent" time="-1.547699934278E9">
    <skipped/>
  </testcase> <!-- @BeforeMethod startExtent -->
  <testcase classname="TestPages.TestHomePage" name="@BeforeMethod initializeElement" time="-1.547699934279E9">
    <skipped/>
  </testcase> <!-- @BeforeMethod initializeElement -->
  <testcase classname="base.CommonApi" name="@AfterMethod cleanUp" time="-1.54769993428E9">
    <skipped/>
  </testcase> <!-- @AfterMethod cleanUp -->
  <testcase classname="base.CommonApi" name="@BeforeMethod setUp" time="-1.54769993428E9">
    <skipped/>
  </testcase> <!-- @BeforeMethod setUp -->
  <testcase classname="base.CommonApi" name="@BeforeMethod startExtent" time="-1.547699934281E9">
    <skipped/>
  </testcase> <!-- @BeforeMethod startExtent -->
  <testcase classname="TestPages.TestHomePage" name="@BeforeMethod initializeElement" time="-1.547699934281E9">
    <skipped/>
  </testcase> <!-- @BeforeMethod initializeElement -->
  <testcase classname="base.CommonApi" name="@AfterMethod cleanUp" time="-1.547699934282E9">
    <skipped/>
  </testcase> <!-- @AfterMethod cleanUp -->
  <testcase classname="base.CommonApi" name="@BeforeMethod setUp" time="-1.547699934282E9">
    <skipped/>
  </testcase> <!-- @BeforeMethod setUp -->
  <testcase classname="base.CommonApi" name="@BeforeMethod startExtent" time="-1.547699934282E9">
    <skipped/>
  </testcase> <!-- @BeforeMethod startExtent -->
  <testcase classname="TestPages.TestHomePage" name="@BeforeMethod initializeElement" time="-1.547699934283E9">
    <skipped/>
  </testcase> <!-- @BeforeMethod initializeElement -->
  <testcase classname="base.CommonApi" name="@AfterMethod cleanUp" time="-1.547699934283E9">
    <skipped/>
  </testcase> <!-- @AfterMethod cleanUp -->
  <testcase classname="base.CommonApi" name="@BeforeMethod setUp" time="-1.547699934288E9">
    <skipped/>
  </testcase> <!-- @BeforeMethod setUp -->
  <testcase classname="base.CommonApi" name="@BeforeMethod startExtent" time="-1.547699934289E9">
    <skipped/>
  </testcase> <!-- @BeforeMethod startExtent -->
  <testcase classname="TestPages.TestHomePage" name="@BeforeMethod initializeElement" time="-1.547699934289E9">
    <skipped/>
  </testcase> <!-- @BeforeMethod initializeElement -->
  <testcase classname="base.CommonApi" name="@AfterMethod cleanUp" time="-1.54769993429E9">
    <skipped/>
  </testcase> <!-- @AfterMethod cleanUp -->
  <testcase classname="base.CommonApi" name="@BeforeMethod setUp" time="-1.547699934291E9">
    <skipped/>
  </testcase> <!-- @BeforeMethod setUp -->
  <testcase classname="base.CommonApi" name="@BeforeMethod startExtent" time="-1.547699934291E9">
    <skipped/>
  </testcase> <!-- @BeforeMethod startExtent -->
  <testcase classname="TestPages.TestHomePage" name="@BeforeMethod initializeElement" time="-1.547699934291E9">
    <skipped/>
  </testcase> <!-- @BeforeMethod initializeElement -->
  <testcase classname="base.CommonApi" name="@AfterMethod cleanUp" time="-1.547699934292E9">
    <skipped/>
  </testcase> <!-- @AfterMethod cleanUp -->
  <testcase classname="base.CommonApi" name="@BeforeMethod setUp" time="-1.547699934293E9">
    <skipped/>
  </testcase> <!-- @BeforeMethod setUp -->
  <testcase classname="base.CommonApi" name="@BeforeMethod startExtent" time="-1.547699934293E9">
    <skipped/>
  </testcase> <!-- @BeforeMethod startExtent -->
  <testcase classname="TestPages.TestHomePage" name="@BeforeMethod initializeElement" time="-1.547699934294E9">
    <skipped/>
  </testcase> <!-- @BeforeMethod initializeElement -->
  <testcase classname="base.CommonApi" name="@AfterMethod cleanUp" time="-1.547699934295E9">
    <skipped/>
  </testcase> <!-- @AfterMethod cleanUp -->
  <testcase classname="base.CommonApi" name="@BeforeMethod setUp" time="-1.547699934296E9">
    <skipped/>
  </testcase> <!-- @BeforeMethod setUp -->
  <testcase classname="base.CommonApi" name="@BeforeMethod startExtent" time="-1.547699934296E9">
    <skipped/>
  </testcase> <!-- @BeforeMethod startExtent -->
  <testcase classname="TestPages.TestHomePage" name="@BeforeMethod initializeElement" time="-1.547699934297E9">
    <skipped/>
  </testcase> <!-- @BeforeMethod initializeElement -->
  <testcase classname="base.CommonApi" name="@AfterMethod cleanUp" time="-1.547699934298E9">
    <skipped/>
  </testcase> <!-- @AfterMethod cleanUp -->
  <testcase classname="base.CommonApi" name="@BeforeMethod setUp" time="-1.547699934298E9">
    <skipped/>
  </testcase> <!-- @BeforeMethod setUp -->
  <testcase classname="base.CommonApi" name="@BeforeMethod startExtent" time="-1.547699934299E9">
    <skipped/>
  </testcase> <!-- @BeforeMethod startExtent -->
  <testcase classname="TestPages.TestHomePage" name="@BeforeMethod initializeElement" time="-1.547699934299E9">
    <skipped/>
  </testcase> <!-- @BeforeMethod initializeElement -->
  <testcase classname="base.CommonApi" name="@AfterMethod cleanUp" time="-1.5476999343E9">
    <skipped/>
  </testcase> <!-- @AfterMethod cleanUp -->
  <testcase classname="base.CommonApi" name="@BeforeMethod setUp" time="-1.547699934301E9">
    <skipped/>
  </testcase> <!-- @BeforeMethod setUp -->
  <testcase classname="base.CommonApi" name="@BeforeMethod startExtent" time="-1.547699934301E9">
    <skipped/>
  </testcase> <!-- @BeforeMethod startExtent -->
  <testcase classname="TestPages.TestHomePage" name="@BeforeMethod initializeElement" time="-1.547699934303E9">
    <skipped/>
  </testcase> <!-- @BeforeMethod initializeElement -->
  <testcase classname="base.CommonApi" name="@AfterMethod cleanUp" time="-1.547699934304E9">
    <skipped/>
  </testcase> <!-- @AfterMethod cleanUp -->
  <testcase classname="base.CommonApi" name="@BeforeMethod setUp" time="-1.547699934304E9">
    <skipped/>
  </testcase> <!-- @BeforeMethod setUp -->
  <testcase classname="base.CommonApi" name="@BeforeMethod startExtent" time="-1.547699934305E9">
    <skipped/>
  </testcase> <!-- @BeforeMethod startExtent -->
  <testcase classname="TestPages.TestHomePage" name="@BeforeMethod initializeElement" time="-1.547699934305E9">
    <skipped/>
  </testcase> <!-- @BeforeMethod initializeElement -->
  <testcase classname="base.CommonApi" name="@AfterMethod cleanUp" time="-1.547699934306E9">
    <skipped/>
  </testcase> <!-- @AfterMethod cleanUp -->
  <testcase classname="base.CommonApi" name="@BeforeMethod setUp" time="-1.547699934306E9">
    <skipped/>
  </testcase> <!-- @BeforeMethod setUp -->
  <testcase classname="base.CommonApi" name="@BeforeMethod startExtent" time="-1.547699934307E9">
    <skipped/>
  </testcase> <!-- @BeforeMethod startExtent -->
  <testcase classname="TestPages.TestHomePage" name="@BeforeMethod initializeElement" time="-1.547699934307E9">
    <skipped/>
  </testcase> <!-- @BeforeMethod initializeElement -->
  <testcase classname="base.CommonApi" name="@AfterMethod cleanUp" time="-1.547699934308E9">
    <skipped/>
  </testcase> <!-- @AfterMethod cleanUp -->
  <testcase classname="base.CommonApi" name="@BeforeMethod setUp" time="-1.547699934309E9">
    <skipped/>
  </testcase> <!-- @BeforeMethod setUp -->
  <testcase classname="base.CommonApi" name="@BeforeMethod startExtent" time="-1.547699934309E9">
    <skipped/>
  </testcase> <!-- @BeforeMethod startExtent -->
  <testcase classname="TestPages.TestHomePage" name="@BeforeMethod initializeElement" time="-1.547699934309E9">
    <skipped/>
  </testcase> <!-- @BeforeMethod initializeElement -->
  <testcase classname="base.CommonApi" name="@AfterMethod cleanUp" time="-1.547699934311E9">
    <skipped/>
  </testcase> <!-- @AfterMethod cleanUp -->
  <testcase classname="TestPages.TestHomePage" name="Email" time="7.802">
    <failure type="org.openqa.selenium.NoSuchWindowException" message="no such window: target window already closed
from unknown error: web view not found
  (Session info: chrome=71.0.3578.98)
  (Driver info: chromedriver=2.45.615355 (d5698f682d8b2742017df6c81e0bd8e6a3063189),platform=Mac OS X 10.14.2 x86_64) (WARNING: The server did not provide any stacktrace information)
Command duration or timeout: 0 milliseconds
Build info: version: &amp;apos;3.141.59&amp;apos;, revision: &amp;apos;e82be7d358&amp;apos;, time: &amp;apos;2018-11-14T08:17:03&amp;apos;
System info: host: &amp;apos;nazibahs-air.lan&amp;apos;, ip: &amp;apos;fe80:0:0:0:4a4:f8b5:37bd:789%en0&amp;apos;, os.name: &amp;apos;Mac OS X&amp;apos;, os.arch: &amp;apos;x86_64&amp;apos;, os.version: &amp;apos;10.14.2&amp;apos;, java.version: &amp;apos;11.0.1&amp;apos;
Driver info: org.openqa.selenium.chrome.ChromeDriver
Capabilities {acceptInsecureCerts: false, acceptSslCerts: false, applicationCacheEnabled: false, browserConnectionEnabled: false, browserName: chrome, chrome: {chromedriverVersion: 2.45.615355 (d5698f682d8b27..., userDataDir: /var/folders/bx/ylfr9_p57rv...}, cssSelectorsEnabled: true, databaseEnabled: false, goog:chromeOptions: {debuggerAddress: localhost:49763}, handlesAlerts: true, hasTouchScreen: false, javascriptEnabled: true, locationContextEnabled: true, mobileEmulationEnabled: false, nativeEvents: true, networkConnectionEnabled: false, pageLoadStrategy: normal, platform: MAC, platformName: MAC, proxy: Proxy(), rotatable: false, setWindowRect: true, strictFileInteractability: false, takesHeapSnapshot: true, takesScreenshot: true, timeouts: {implicit: 0, pageLoad: 300000, script: 30000}, unexpectedAlertBehaviour: ignore, unhandledPromptBehavior: ignore, version: 71.0.3578.98, webStorageEnabled: true}
Session ID: e62a9cd923ecf8485032a6babd1421e8">
      <![CDATA[org.openqa.selenium.NoSuchWindowException: no such window: target window already closed
from unknown error: web view not found
  (Session info: chrome=71.0.3578.98)
  (Driver info: chromedriver=2.45.615355 (d5698f682d8b2742017df6c81e0bd8e6a3063189),platform=Mac OS X 10.14.2 x86_64) (WARNING: The server did not provide any stacktrace information)
Command duration or timeout: 0 milliseconds
Build info: version: '3.141.59', revision: 'e82be7d358', time: '2018-11-14T08:17:03'
System info: host: 'nazibahs-air.lan', ip: 'fe80:0:0:0:4a4:f8b5:37bd:789%en0', os.name: 'Mac OS X', os.arch: 'x86_64', os.version: '10.14.2', java.version: '11.0.1'
Driver info: org.openqa.selenium.chrome.ChromeDriver
Capabilities {acceptInsecureCerts: false, acceptSslCerts: false, applicationCacheEnabled: false, browserConnectionEnabled: false, browserName: chrome, chrome: {chromedriverVersion: 2.45.615355 (d5698f682d8b27..., userDataDir: /var/folders/bx/ylfr9_p57rv...}, cssSelectorsEnabled: true, databaseEnabled: false, goog:chromeOptions: {debuggerAddress: localhost:49763}, handlesAlerts: true, hasTouchScreen: false, javascriptEnabled: true, locationContextEnabled: true, mobileEmulationEnabled: false, nativeEvents: true, networkConnectionEnabled: false, pageLoadStrategy: normal, platform: MAC, platformName: MAC, proxy: Proxy(), rotatable: false, setWindowRect: true, strictFileInteractability: false, takesHeapSnapshot: true, takesScreenshot: true, timeouts: {implicit: 0, pageLoad: 300000, script: 30000}, unexpectedAlertBehaviour: ignore, unhandledPromptBehavior: ignore, version: 71.0.3578.98, webStorageEnabled: true}
Session ID: e62a9cd923ecf8485032a6babd1421e8
at org.openqa.selenium.remote.ErrorHandler.createThrowable(ErrorHandler.java:214)
at org.openqa.selenium.remote.ErrorHandler.throwIfResponseFailed(ErrorHandler.java:166)
at org.openqa.selenium.remote.http.JsonHttpResponseCodec.reconstructValue(JsonHttpResponseCodec.java:40)
at org.openqa.selenium.remote.http.AbstractHttpResponseCodec.decode(AbstractHttpResponseCodec.java:80)
at org.openqa.selenium.remote.http.AbstractHttpResponseCodec.decode(AbstractHttpResponseCodec.java:44)
at org.openqa.selenium.remote.HttpCommandExecutor.execute(HttpCommandExecutor.java:158)
at org.openqa.selenium.remote.service.DriverCommandExecutor.execute(DriverCommandExecutor.java:83)
at org.openqa.selenium.remote.RemoteWebDriver.execute(RemoteWebDriver.java:552)
at org.openqa.selenium.remote.RemoteWebElement.execute(RemoteWebElement.java:285)
at org.openqa.selenium.remote.RemoteWebElement.click(RemoteWebElement.java:84)
at org.openqa.selenium.support.pagefactory.internal.LocatingElementHandler.invoke(LocatingElementHandler.java:51)
at com.sun.proxy.$Proxy14.click(Unknown Source)
at Pages.HomePage.sendEmail(HomePage.java:210)
at TestPages.TestHomePage.Email(TestHomePage.java:17)
... Removed 36 stack frames]]>
    </failure>
  </testcase> <!-- Email -->
  <testcase classname="TestPages.TestHomePage" name="TestEmailOlderMessages" time="0.0">
    <skipped/>
  </testcase> <!-- TestEmailOlderMessages -->
  <testcase classname="TestPages.TestHomePage" name="TestEmailSettings" time="0.0">
    <skipped/>
  </testcase> <!-- TestEmailSettings -->
  <testcase classname="TestPages.TestHomePage" name="TestEmailStarred" time="0.0">
    <skipped/>
  </testcase> <!-- TestEmailStarred -->
  <testcase classname="TestPages.TestHomePage" name="TestGoogleApps" time="0.0">
    <skipped/>
  </testcase> <!-- TestGoogleApps -->
  <testcase classname="TestPages.TestHomePage" name="TestSendEmailCompose" time="0.0">
    <skipped/>
  </testcase> <!-- TestSendEmailCompose -->
  <testcase classname="TestPages.TestHomePage" name="TestSendEmailRecipientEmail" time="0.0">
    <skipped/>
  </testcase> <!-- TestSendEmailRecipientEmail -->
  <testcase classname="TestPages.TestHomePage" name="TestSendEmailSendButton" time="0.0">
    <skipped/>
  </testcase> <!-- TestSendEmailSendButton -->
  <testcase classname="TestPages.TestHomePage" name="TestSendEmailemailBody" time="0.0">
    <skipped/>
  </testcase> <!-- TestSendEmailemailBody -->
  <testcase classname="TestPages.TestHomePage" name="TestSendEmailemailSubject" time="0.0">
    <skipped/>
  </testcase> <!-- TestSendEmailemailSubject -->
  <testcase classname="TestPages.TestHomePage" name="TestShowGoogleApps" time="0.0">
    <skipped/>
  </testcase> <!-- TestShowGoogleApps -->
  <testcase classname="TestPages.TestHomePage" name="TestShowGoogleCalender" time="0.0">
    <skipped/>
  </testcase> <!-- TestShowGoogleCalender -->
  <testcase classname="TestPages.TestHomePage" name="TestShowGoogleContacts" time="0.0">
    <skipped/>
  </testcase> <!-- TestShowGoogleContacts -->
  <testcase classname="TestPages.TestHomePage" name="TestShowGoogleDrive" time="0.0">
    <skipped/>
  </testcase> <!-- TestShowGoogleDrive -->
  <testcase classname="TestPages.TestHomePage" name="TestShowGoogleMaps" time="0.0">
    <skipped/>
  </testcase> <!-- TestShowGoogleMaps -->
  <testcase classname="TestPages.TestHomePage" name="TestShowGoogleNews" time="0.0">
    <skipped/>
  </testcase> <!-- TestShowGoogleNews -->
  <testcase classname="TestPages.TestHomePage" name="TestShowGooglePhotos" time="0.0">
    <skipped/>
  </testcase> <!-- TestShowGooglePhotos -->
  <testcase classname="TestPages.TestHomePage" name="TestShowGooglePlus" time="0.0">
    <skipped/>
  </testcase> <!-- TestShowGooglePlus -->
  <testcase classname="TestPages.TestHomePage" name="TestShowGoogleSearch" time="0.0">
    <skipped/>
  </testcase> <!-- TestShowGoogleSearch -->
  <testcase classname="TestPages.TestHomePage" name="TestShowGoogleTranslate" time="0.0">
    <skipped/>
  </testcase> <!-- TestShowGoogleTranslate -->
  <testcase classname="TestPages.TestHomePage" name="TestShowPlayStore" time="0.0">
    <skipped/>
  </testcase> <!-- TestShowPlayStore -->
  <testcase classname="TestPages.TestHomePage" name="TestShowUserAccount" time="0.0">
    <skipped/>
  </testcase> <!-- TestShowUserAccount -->
  <testcase classname="TestPages.TestHomePage" name="TestShowYouTube" time="0.0">
    <skipped/>
  </testcase> <!-- TestShowYouTube -->
  <testcase classname="TestPages.TestHomePage" name="gmailLogin" time="0.0">
    <skipped/>
  </testcase> <!-- gmailLogin -->
  <testcase classname="TestPages.TestHomePage" name="test1" time="0.0">
    <skipped/>
  </testcase> <!-- test1 -->
  <testcase classname="TestPages.TestHomePage" name="test2" time="0.0">
    <skipped/>
  </testcase> <!-- test2 -->
  <testcase classname="TestPages.TestHomePage" name="test3" time="0.0">
    <skipped/>
  </testcase> <!-- test3 -->
  <testcase classname="TestPages.TestHomePage" name="test4" time="0.0">
    <skipped/>
  </testcase> <!-- test4 -->
  <testcase classname="TestPages.TestHomePage" name="test5" time="0.0">
    <skipped/>
  </testcase> <!-- test5 -->
</testsuite> <!-- Gmail Home -->
